02/04/2022 10:15:39 PM: dis.snek - DEBUG - 5 commands and 0 listeners have been loaded from `CardScale`
02/04/2022 10:15:39 PM: dis.snek - DEBUG - Loaded Extension: cardscale
02/04/2022 10:15:39 PM: dis.snek - DEBUG - 4 commands and 0 listeners have been loaded from `TournamentScale`
02/04/2022 10:15:39 PM: dis.snek - DEBUG - Loaded Extension: tournament
02/04/2022 10:15:39 PM: dis.snek - DEBUG - 0 commands have been loaded from `__main__` and `client`
02/04/2022 10:15:39 PM: dis.snek - DEBUG - 3 commands have been loaded from `__main__` and `client`
02/04/2022 10:15:39 PM: dis.snek - DEBUG - Attempting to login
02/04/2022 10:15:39 PM: dis.snek - DEBUG - GET::https://discord.com/api/v9/users/@me: Received 200, releasing
02/04/2022 10:15:39 PM: dis.snek - DEBUG - GET::https://discord.com/api/v9/oauth2/applications/@me: Received 200, releasing
02/04/2022 10:15:39 PM: dis.snek - DEBUG - Dispatching Event: login
02/04/2022 10:15:39 PM: dis.snek - INFO - Attempting to connect to gateway...
02/04/2022 10:15:40 PM: dis.snek - DEBUG - GET::https://discord.com/api/v9/gateway: Received 200, releasing
02/04/2022 10:15:40 PM: dis.snek - DEBUG - Dispatching Event: connect
02/04/2022 10:15:40 PM: dis.snek - DEBUG - Sending data to gateway: {"op":2,"d":{"token":"OTEyNDMzMTAyMTA4OTEzNzU2.YZv3iw.xhctE137ccXVjpEhZnOdixCmfMo","intents":32509,"large_threshold":250,"properties":{"$os":"win32","$browser":"dis.snek","$device":"dis.snek"},"presence":{"status":"online","activities":[]}},"compress":true}
02/04/2022 10:15:40 PM: dis.snek - DEBUG - Client has identified itself to Gateway, requesting intents: 32509!
02/04/2022 10:15:40 PM: dis.snek - DEBUG - Successfully connected to Gateway! Trace: ['["gateway-prd-main-rfkq",{"micros":95469,"calls":["discord-sessions-blue-prd-2-22",{"micros":92819,"calls":["start_session",{"micros":65847,"calls":["api-prd-main-pb8t",{"micros":62444,"calls":["get_user",{"micros":5805},"add_authorized_ip",{"micros":11356},"get_guilds",{"micros":9638},"coros_wait",{"micros":1}]}]},"guilds_connect",{"micros":1,"calls":[]},"presence_connect",{"micros":4915,"calls":[]}]}]}]'] Session_ID: 281f37ba0d672c4a7e03e380ae9abe94
02/04/2022 10:15:40 PM: dis.snek - DEBUG - Dispatching Event: websocket_ready
02/04/2022 10:15:40 PM: dis.snek - DEBUG - Dispatching Event: raw_socket_receive
02/04/2022 10:15:40 PM: dis.snek - DEBUG - Dispatching Event: member_update
02/04/2022 10:15:40 PM: dis.snek - DEBUG - Dispatching Event: raw_socket_receive
02/04/2022 10:15:40 PM: dis.snek - DEBUG - Dispatching Event: guild_join
02/04/2022 10:15:40 PM: dis.snek - DEBUG - Dispatching Event: raw_socket_receive
02/04/2022 10:15:41 PM: dis.snek - DEBUG - GET::https://discord.com/api/v9/applications/912433102108913756/guilds/912427268339560528/commands: Received 200, releasing
02/04/2022 10:15:41 PM: dis.snek - DEBUG - GET::https://discord.com/api/v9/applications/912433102108913756/guilds/912427268339560528/commands: Received 200, releasing
02/04/2022 10:15:41 PM: dis.snek - INFO - Pushing 6 commands to 912427268339560528
02/04/2022 10:15:41 PM: dis.snek - DEBUG - PUT::https://discord.com/api/v9/applications/912433102108913756/guilds/912427268339560528/commands: Received 200, releasing
02/04/2022 10:15:41 PM: dis.snek - DEBUG - GET::https://discord.com/api/v9/applications/912433102108913756/commands: Received 200, releasing
02/04/2022 10:15:41 PM: dis.snek - DEBUG - GLOBAL_SCOPE is already up-to-date with 0 commands.
02/04/2022 10:15:41 PM: dis.snek - DEBUG - Sync of 2 took 0.5487568999999999 seconds
02/04/2022 10:15:41 PM: dis.snek - DEBUG - Dispatching Event: startup
02/04/2022 10:15:41 PM: dis.snek - DEBUG - Dispatching Event: ready
02/04/2022 10:15:45 PM: dis.snek - DEBUG - 912427268339560528 :: card should be called
02/04/2022 10:15:45 PM: dis.snek - DEBUG - Dispatching Event: raw_socket_receive
02/04/2022 10:15:45 PM: dis.snek - DEBUG - POST::https://discord.com/api/v9/interactions/939373711272857642/aW50ZXJhY3Rpb246OTM5MzczNzExMjcyODU3NjQyOkJGeHVuU1hYcVU4d1BTd0hKUUttOXVvUWxmUHFuOEpqbUtBQ1pDNHVuODcyRGJXWDFCWnFkMUFKWFl6SWYwd2o4QjBRS0VXRVZPS2pSV0V3TnNSRjRaNldEaEZTenRUTXZiOGNUZFhIM0FhNWZWOVlaNXJTeDh0Zlg2YnpxU0g0/callback: Received 204, releasing
02/04/2022 10:15:45 PM: dis.snek - INFO - Autocomplete Called: $card with ctx.args = [''] | ctx.kwargs = {'card_name': ''}
02/04/2022 10:15:47 PM: dis.snek - DEBUG - 912427268339560528 :: card should be called
02/04/2022 10:15:48 PM: dis.snek - DEBUG - Dispatching Event: raw_socket_receive
02/04/2022 10:15:48 PM: dis.snek - DEBUG - Dispatching Event: message_create
02/04/2022 10:15:48 PM: dis.snek - DEBUG - Dispatching Event: raw_socket_receive
02/04/2022 10:15:48 PM: dis.snek - DEBUG - POST::https://discord.com/api/v9/interactions/939373719464341524/aW50ZXJhY3Rpb246OTM5MzczNzE5NDY0MzQxNTI0OlEycFdEa2lSZGhYQ0toOUh6R1B0akhaVFJ2S3lpT1kxZ0FZZERBWTNweHBSYjNSMkdqME9sT1RXeUl4QU5mZVY1dTB3ZVcwR3JXNGp4cDNHVVlySUFFYzZWekhaME9wRThWUXg4NHBMQU5jWGcwOFpmVm5iT3k2ZktHWUVFNEp1/callback: Received 204, releasing
02/04/2022 10:15:48 PM: dis.snek - DEBUG - GET::https://discord.com/api/v9/webhooks/912433102108913756/aW50ZXJhY3Rpb246OTM5MzczNzE5NDY0MzQxNTI0OlEycFdEa2lSZGhYQ0toOUh6R1B0akhaVFJ2S3lpT1kxZ0FZZERBWTNweHBSYjNSMkdqME9sT1RXeUl4QU5mZVY1dTB3ZVcwR3JXNGp4cDNHVVlySUFFYzZWekhaME9wRThWUXg4NHBMQU5jWGcwOFpmVm5iT3k2ZktHWUVFNEp1/messages/@original: Received 200, releasing
02/04/2022 10:15:48 PM: dis.snek - INFO - Command Called: /card with ctx.args = ['Unyielding Protection'] | ctx.kwargs = {'card_name': 'Unyielding Protection'}
02/04/2022 10:15:48 PM: dis.snek - DEBUG - Dispatching Event: message_update
02/04/2022 10:15:48 PM: dis.snek - DEBUG - Dispatching Event: raw_socket_receive
02/04/2022 10:15:53 PM: dis.snek - DEBUG - Sending heartbeat every 41.25 seconds
02/04/2022 10:15:53 PM: dis.snek - DEBUG - Sending data to gateway: {"op":1,"d":7}
02/04/2022 10:15:53 PM: dis.snek - DEBUG - Keeping Shard ID 0 alive with sequence 7
02/04/2022 10:15:53 PM: dis.snek - DEBUG - Heartbeat acknowledged after 0.0 seconds
02/04/2022 10:16:34 PM: dis.snek - DEBUG - Sending data to gateway: {"op":1,"d":7}
02/04/2022 10:16:34 PM: dis.snek - DEBUG - Keeping Shard ID 0 alive with sequence 7
02/04/2022 10:16:34 PM: dis.snek - DEBUG - Heartbeat acknowledged after 0.0 seconds
02/04/2022 10:17:15 PM: dis.snek - DEBUG - Sending data to gateway: {"op":1,"d":7}
02/04/2022 10:17:15 PM: dis.snek - DEBUG - Keeping Shard ID 0 alive with sequence 7
02/04/2022 10:17:15 PM: dis.snek - DEBUG - Heartbeat acknowledged after 0.0 seconds
02/04/2022 10:17:57 PM: dis.snek - DEBUG - Sending data to gateway: {"op":1,"d":7}
02/04/2022 10:17:57 PM: dis.snek - DEBUG - Keeping Shard ID 0 alive with sequence 7
02/04/2022 10:17:57 PM: dis.snek - DEBUG - Heartbeat acknowledged after 0.0 seconds
02/04/2022 10:18:38 PM: dis.snek - DEBUG - Sending data to gateway: {"op":1,"d":7}
02/04/2022 10:18:38 PM: dis.snek - DEBUG - Keeping Shard ID 0 alive with sequence 7
02/04/2022 10:18:38 PM: dis.snek - DEBUG - Heartbeat acknowledged after 0.0 seconds
02/04/2022 10:18:55 PM: dis.snek - DEBUG - Stopping the bot.
02/04/2022 10:18:55 PM: dis.snek - DEBUG - Dispatching Event: disconnect
